<?xml version="1.0" encoding="utf-8"?><testsuites name="pytest tests"><testsuite name="pytest" errors="0" failures="0" skipped="0" tests="17" time="6.587" timestamp="2026-09-11T16:23:25.551805+00:00" hostname="agent-env-04502dda-a7c2-4cc1-a380-95913720b713"><testcase classname="tests.test_iter5_admin_close_and_subscribers.TestAdminCloseTicket" name="test_admin_can_resolve" time="1.974" /><testcase classname="tests.test_iter5_admin_close_and_subscribers.TestAdminCloseTicket" name="test_admin_can_reopen" time="0.598" /><testcase classname="tests.test_iter5_admin_close_and_subscribers.TestAdminCloseTicket" name="test_super_admin_can_resolve" time="0.467" /><testcase classname="tests.test_iter5_admin_close_and_subscribers.TestAdminCloseTicket" name="test_subscriber_cannot_resolve" time="0.321" /><testcase classname="tests.test_iter5_admin_close_and_subscribers.TestTimezoneAwareTimestamps" name="test_complaints_created_at_tz_aware" time="0.177" /><testcase classname="tests.test_iter5_admin_close_and_subscribers.TestTimezoneAwareTimestamps" name="test_invoices_created_at_tz_aware" time="0.143" /><testcase classname="tests.test_iter5_admin_close_and_subscribers.TestSubscriberCRUD" name="test_create_with_plan_cash" time="0.345" /><testcase classname="tests.test_iter5_admin_close_and_subscribers.TestSubscriberCRUD" name="test_get_subscribers_shows_active_plan" time="0.165" /><testcase classname="tests.test_iter5_admin_close_and_subscribers.TestSubscriberCRUD" name="test_admin_cannot_patch_subscriber" time="0.231" /><testcase classname="tests.test_iter5_admin_close_and_subscribers.TestSubscriberCRUD" name="test_super_admin_patch_updates" time="0.160" /><testcase classname="tests.test_iter5_admin_close_and_subscribers.TestSubscriberCRUD" name="test_assign_plan_free_invoice_zero" time="0.159" /><testcase classname="tests.test_iter5_admin_close_and_subscribers.TestSubscriberCRUD" name="test_assign_plan_invalid_id_404" time="0.736" /><testcase classname="tests.test_iter5_admin_close_and_subscribers.TestSubscriberCRUD" name="test_create_with_invalid_plan_404" time="0.160" /><testcase classname="tests.test_iter5_admin_close_and_subscribers.TestSubscriberCRUD" name="test_admin_cannot_create_subscriber" time="0.134" /><testcase classname="tests.test_iter5_admin_close_and_subscribers.TestSubscriberCRUD" name="test_admin_cannot_delete_subscriber" time="0.169" /><testcase classname="tests.test_iter5_admin_close_and_subscribers.TestSubscriberCRUD" name="test_super_admin_can_delete_and_cleanup" time="0.432" /><testcase classname="tests.test_iter5_admin_close_and_subscribers.TestRecharge" name="test_subscriber_recharge_upi" time="0.139" /></testsuite></testsuites>