<?xml version="1.0" encoding="utf-8"?><testsuites name="pytest tests"><testsuite name="pytest" errors="0" failures="0" skipped="0" tests="17" time="7.081" timestamp="2026-09-11T13:22:50.580561+00:00" hostname="agent-env-04502dda-a7c2-4cc1-a380-95913720b713"><testcase classname="tests.test_iter3_auto_assign.TestAutoAssignOff" name="test_disable_auto_assign" time="0.585" /><testcase classname="tests.test_iter3_auto_assign.TestSettingsRBAC" name="test_get_settings_admin_ok" time="0.804" /><testcase classname="tests.test_iter3_auto_assign.TestAutoAssignOff" name="test_new_complaint_stays_open" time="0.417" /><testcase classname="tests.test_iter3_auto_assign.TestSettingsRBAC" name="test_get_settings_super_admin_ok" time="0.468" /><testcase classname="tests.test_iter3_auto_assign.TestAutoAssignOff" name="test_team_sees_unassigned_in_list" time="0.469" /><testcase classname="tests.test_iter3_auto_assign.TestAutoAssignOff" name="test_team_self_claim_succeeds" time="0.163" /><testcase classname="tests.test_iter3_auto_assign.TestAutoAssignOff" name="test_team_cannot_assign_to_other" time="0.344" /><testcase classname="tests.test_iter3_auto_assign.TestSettingsRBAC" name="test_get_settings_team_forbidden" time="0.952" /><testcase classname="tests.test_iter3_auto_assign.TestAutoAssignOff" name="test_team_cannot_self_claim_already_owned_by_other" time="1.157" /><testcase classname="tests.test_iter3_auto_assign.TestAutoAssignOn" name="test_new_complaint_is_auto_assigned" time="0.460" /><testcase classname="tests.test_iter3_auto_assign.TestAutoAssignOn" name="test_assigned_team_member_sees_ticket" time="0.622" /><testcase classname="tests.test_iter3_auto_assign.TestTeamWorkflow" name="test_team_can_progress_and_resolve_own_ticket" time="1.155" /><testcase classname="tests.test_iter3_auto_assign.TestTeamWorkflow" name="test_subscriber_sees_own_complaints" time="0.172" /><testcase classname="tests.test_iter3_auto_assign.TestAdminManualAssign" name="test_admin_manual_assign" time="0.648" /><testcase classname="tests.test_iter3_auto_assign.TestSettingsRBAC" name="test_get_settings_subscriber_forbidden" time="4.061" /><testcase classname="tests.test_iter3_auto_assign.TestSettingsRBAC" name="test_patch_settings_admin_ok" time="0.146" /><testcase classname="tests.test_iter3_auto_assign.TestSettingsRBAC" name="test_patch_settings_team_forbidden" time="0.299" /></testsuite></testsuites>