<?xml version="1.0" encoding="utf-8"?><testsuites name="pytest tests"><testsuite name="pytest" errors="0" failures="0" skipped="0" tests="21" time="9.991" timestamp="2026-09-11T16:44:30.892807+00:00" hostname="agent-env-04502dda-a7c2-4cc1-a380-95913720b713"><testcase classname="tests.test_iter6_upi_payments.TestPaymentConfig" name="test_requires_auth" time="0.192" /><testcase classname="tests.test_iter6_upi_payments.TestPaymentConfig" name="test_returns_upi_id" time="1.393" /><testcase classname="tests.test_iter6_upi_payments.TestUploadAndFiles" name="test_upload_screenshot_ok" time="0.300" /><testcase classname="tests.test_iter6_upi_payments.TestUploadAndFiles" name="test_upload_rejects_non_image" time="0.190" /><testcase classname="tests.test_iter6_upi_payments.TestUploadAndFiles" name="test_upload_rejects_empty" time="0.186" /><testcase classname="tests.test_iter6_upi_payments.TestUploadAndFiles" name="test_get_file_by_owner" time="0.303" /><testcase classname="tests.test_iter6_upi_payments.TestUploadAndFiles" name="test_get_file_forbidden_for_other_subscriber" time="0.481" /><testcase classname="tests.test_iter6_upi_payments.TestUploadAndFiles" name="test_get_file_ok_for_admin" time="0.506" /><testcase classname="tests.test_iter6_upi_payments.TestUploadAndFiles" name="test_get_file_ok_for_super" time="0.303" /><testcase classname="tests.test_iter6_upi_payments.TestCreatePayment" name="test_bad_plan_404" time="1.922" /><testcase classname="tests.test_iter6_upi_payments.TestCreatePayment" name="test_screenshot_not_owned_400" time="0.938" /><testcase classname="tests.test_iter6_upi_payments.TestCreatePayment" name="test_create_pending_ok" time="0.533" /><testcase classname="tests.test_iter6_upi_payments.TestCreatePayment" name="test_second_pending_400" time="0.392" /><testcase classname="tests.test_iter6_upi_payments.TestListPayments" name="test_subscriber_sees_own_only" time="0.140" /><testcase classname="tests.test_iter6_upi_payments.TestListPayments" name="test_admin_sees_all" time="0.153" /><testcase classname="tests.test_iter6_upi_payments.TestListPayments" name="test_super_sees_all" time="0.144" /><testcase classname="tests.test_iter6_upi_payments.TestApprove" name="test_admin_forbidden" time="0.145" /><testcase classname="tests.test_iter6_upi_payments.TestApprove" name="test_super_approve_ok" time="0.284" /><testcase classname="tests.test_iter6_upi_payments.TestApprove" name="test_approve_again_400" time="0.158" /><testcase classname="tests.test_iter6_upi_payments.TestReject" name="test_reject_flow" time="1.117" /><testcase classname="tests.test_iter6_upi_payments.TestRechargeGone" name="test_recharge_returns_410" time="0.151" /></testsuite></testsuites>