<?xml version="1.0" encoding="utf-8"?><testsuites name="pytest tests"><testsuite name="pytest" errors="0" failures="0" skipped="0" tests="15" time="6.904" timestamp="2026-09-11T16:55:55.476208+00:00" hostname="agent-env-04502dda-a7c2-4cc1-a380-95913720b713"><testcase classname="tests.test_iter7_badges_expiry_delete.TestBadges" name="test_team_new_tickets_int" time="1.913" /><testcase classname="tests.test_iter7_badges_expiry_delete.TestBadges" name="test_admin_shape" time="0.151" /><testcase classname="tests.test_iter7_badges_expiry_delete.TestBadges" name="test_super_shape" time="0.209" /><testcase classname="tests.test_iter7_badges_expiry_delete.TestBadges" name="test_subscriber_expiring_test_true" time="0.142" /><testcase classname="tests.test_iter7_badges_expiry_delete.TestBadges" name="test_subscriber_regular_not_expiring" time="0.157" /><testcase classname="tests.test_iter7_badges_expiry_delete.TestAdminExpiring" name="test_admin_3days_contains_expiry_user" time="0.136" /><testcase classname="tests.test_iter7_badges_expiry_delete.TestAdminExpiring" name="test_super_3days_ok" time="0.173" /><testcase classname="tests.test_iter7_badges_expiry_delete.TestAdminExpiring" name="test_team_forbidden" time="0.164" /><testcase classname="tests.test_iter7_badges_expiry_delete.TestAdminExpiring" name="test_subscriber_forbidden" time="0.165" /><testcase classname="tests.test_iter7_badges_expiry_delete.TestAdminExpiring" name="test_days_40_returns_more" time="0.526" /><testcase classname="tests.test_iter7_badges_expiry_delete.TestDeleteAccount" name="test_super_admin_cannot_delete_self" time="0.157" /><testcase classname="tests.test_iter7_badges_expiry_delete.TestDeleteAccount" name="test_new_subscriber_delete_flow" time="0.779" /><testcase classname="tests.test_iter7_badges_expiry_delete.TestPaymentBadgesFlow" name="test_setup_fresh_subscriber_and_create_pending_payment" time="1.497" /><testcase classname="tests.test_iter7_badges_expiry_delete.TestPaymentBadgesFlow" name="test_reject_decrements" time="0.480" /><testcase classname="tests.test_iter7_badges_expiry_delete.TestPaymentBadgesFlow" name="test_cleanup_delete_tmp_subscriber" time="0.182" /></testsuite></testsuites>