<?xml version="1.0" encoding="utf-8"?><testsuites name="pytest tests"><testsuite name="pytest" errors="0" failures="1" skipped="0" tests="11" time="4.688" timestamp="2026-09-12T09:22:37.070193+00:00" hostname="agent-env-04502dda-a7c2-4cc1-a380-95913720b713"><testcase classname="tests.test_iter8_payment_history_activity" name="test_seeded_role_logins" time="1.042"><failure message="AssertionError: assert 'subscriber' == 'admin'&#10;  &#10;  - admin&#10;  + subscriber">backend/tests/test_iter8_payment_history_activity.py:157: in test_seeded_role_logins
    assert roles["admin"]["user"]["role"] == "admin"
E   AssertionError: assert 'subscriber' == 'admin'
E     
E     - admin
E     + subscriber</failure></testcase><testcase classname="tests.test_iter8_payment_history_activity" name="test_payment_history_anonymous_401" time="0.118" /><testcase classname="tests.test_iter8_payment_history_activity" name="test_payment_history_subscriber_own_records_only" time="1.433" /><testcase classname="tests.test_iter8_payment_history_activity" name="test_payment_history_other_subscriber_cannot_see_test_user" time="0.365" /><testcase classname="tests.test_iter8_payment_history_activity" name="test_payment_history_admin_search_literal_match" time="0.124" /><testcase classname="tests.test_iter8_payment_history_activity" name="test_payment_history_mode_filters_cash_upi_free" time="0.341" /><testcase classname="tests.test_iter8_payment_history_activity" name="test_payment_history_pagination_has_more" time="0.113" /><testcase classname="tests.test_iter8_payment_history_activity" name="test_payment_history_approved_screenshot_not_duplicated" time="0.131" /><testcase classname="tests.test_iter8_payment_history_activity" name="test_new_subscriber_subscription_visible_after_assignment" time="0.106" /><testcase classname="tests.test_iter8_payment_history_activity" name="test_activity_team_has_only_complaints" time="0.123" /><testcase classname="tests.test_iter8_payment_history_activity" name="test_activity_version_changes_on_complaint_update" time="0.458" /></testsuite></testsuites>