<?xml version="1.0" encoding="utf-8"?><testsuites name="pytest tests"><testsuite name="pytest" errors="0" failures="0" skipped="0" tests="16" time="3.387" timestamp="2026-09-09T16:02:17.164849+00:00" hostname="agent-env-04502dda-a7c2-4cc1-a380-95913720b713"><testcase classname="tests.test_iter2_otp_msg91" name="test_auth_config_sms_disabled_demo_otp" time="0.318" /><testcase classname="tests.test_iter2_otp_msg91" name="test_request_otp_accepts_various_formats[9999999996]" time="0.176" /><testcase classname="tests.test_iter2_otp_msg91" name="test_request_otp_accepts_various_formats[+91 9999999996]" time="0.156" /><testcase classname="tests.test_iter2_otp_msg91" name="test_request_otp_accepts_various_formats[09999999996]" time="0.201" /><testcase classname="tests.test_iter2_otp_msg91" name="test_request_otp_accepts_various_formats[91-9999999996]" time="0.155" /><testcase classname="tests.test_iter2_otp_msg91" name="test_request_otp_accepts_various_formats[+91-9999999996]" time="0.157" /><testcase classname="tests.test_iter2_otp_msg91" name="test_request_otp_rejects_invalid_short_number" time="0.138" /><testcase classname="tests.test_iter2_otp_msg91" name="test_request_otp_rejects_invalid_prefix" time="0.157" /><testcase classname="tests.test_iter2_otp_msg91" name="test_verify_otp_wrong_returns_hindi_error" time="0.153" /><testcase classname="tests.test_iter2_otp_msg91" name="test_verify_otp_correct_with_plus91_normalizes_and_logs_in" time="0.148" /><testcase classname="tests.test_iter2_otp_msg91" name="test_verify_otp_correct_with_spaces" time="0.135" /><testcase classname="tests.test_iter2_otp_msg91" name="test_new_user_signup_random_number_and_name" time="0.286" /><testcase classname="tests.test_iter2_otp_msg91" name="test_role_login_regression[9999999997-team-Ravi (Team)]" time="0.151" /><testcase classname="tests.test_iter2_otp_msg91" name="test_role_login_regression[9999999998-admin-Admin Kumar]" time="0.130" /><testcase classname="tests.test_iter2_otp_msg91" name="test_role_login_regression[9999999999-super_admin-Super Admin]" time="0.139" /><testcase classname="tests.test_iter2_otp_msg91" name="test_demo_number_no_cooldown_multiple_requests" time="0.474" /></testsuite></testsuites>