<?xml version="1.0" encoding="utf-8"?><testsuites name="pytest tests"><testsuite name="pytest" errors="0" failures="0" skipped="0" tests="2" time="3.158" timestamp="2026-09-12T09:37:10.317555+00:00" hostname="agent-env-04502dda-a7c2-4cc1-a380-95913720b713"><testcase classname="tests.test_iter9_activity_and_permissions" name="test_team_activity_only_own_or_unassigned" time="1.913" /><testcase classname="tests.test_iter9_activity_and_permissions" name="test_create_pending_payment_for_ui_permissions" time="0.940" /></testsuite></testsuites>