<?xml version="1.0" encoding="utf-8"?><testsuites name="pytest tests"><testsuite name="pytest" errors="0" failures="0" skipped="0" tests="20" time="11.903" timestamp="2026-09-09T15:37:46.936218+00:00" hostname="agent-env-04502dda-a7c2-4cc1-a380-95913720b713"><testcase classname="tests.backend_test" name="test_health" time="0.764" /><testcase classname="tests.backend_test" name="test_request_otp_existing_phone" time="0.194" /><testcase classname="tests.backend_test" name="test_request_otp_new_phone" time="0.157" /><testcase classname="tests.backend_test" name="test_verify_otp_wrong" time="0.223" /><testcase classname="tests.backend_test" name="test_verify_otp_seeded_roles" time="0.659" /><testcase classname="tests.backend_test" name="test_verify_otp_new_user_signup" time="0.145" /><testcase classname="tests.backend_test" name="test_list_plans" time="0.207" /><testcase classname="tests.backend_test" name="test_recharge_flow_and_isolation" time="1.083" /><testcase classname="tests.backend_test" name="test_subscriber_create_complaint" time="0.188" /><testcase classname="tests.backend_test" name="test_complaint_list_role_isolation" time="1.121" /><testcase classname="tests.backend_test" name="test_admin_assign_complaint_to_team" time="0.216" /><testcase classname="tests.backend_test" name="test_team_updates_status" time="0.416" /><testcase classname="tests.backend_test" name="test_team_cannot_update_unassigned" time="0.309" /><testcase classname="tests.backend_test" name="test_admin_creates_team_member" time="0.156" /><testcase classname="tests.backend_test" name="test_admin_cannot_create_admin" time="0.204" /><testcase classname="tests.backend_test" name="test_super_admin_can_create_admin" time="0.418" /><testcase classname="tests.backend_test" name="test_admin_metrics" time="0.134" /><testcase classname="tests.backend_test" name="test_admin_list_subscribers" time="0.154" /><testcase classname="tests.backend_test" name="test_chat_hindi_reply" time="4.651" /><testcase classname="tests.backend_test" name="test_chat_history" time="0.156" /></testsuite></testsuites>